Build started 21-03-2019 20:04:40.
     1>Project "C:\Users\rocky\Documents\Visual Studio 2010\Projects\2.0\2.0\loginform\loginform.vcxproj" on node 2 (build target(s)).
     1>InitializeBuildStatus:
         Creating "Debug\loginform.unsuccessfulbuild" because "AlwaysCreate" was specified.
       GenerateTargetFrameworkMonikerAttribute:
       Skipping target "GenerateTargetFrameworkMonikerAttribute" because all output files are up-to-date with respect to the input files.
       ClCompile:
         All outputs are up-to-date.
         All outputs are up-to-date.
         All outputs are up-to-date.
       CoreResGen:
         No resources are out of date with respect to their source files. Skipping resource generation.
       ResourceCompile:
         All outputs are up-to-date.
       Link:
         All outputs are up-to-date.
         loginform.vcxproj -> C:\Users\rocky\Documents\Visual Studio 2010\Projects\2.0\2.0\Debug\loginform.exe
       FinalizeBuildStatus:
         Deleting file "Debug\loginform.unsuccessfulbuild".
         Touching "Debug\loginform.lastbuildstate".
     1>Done Building Project "C:\Users\rocky\Documents\Visual Studio 2010\Projects\2.0\2.0\loginform\loginform.vcxproj" (build target(s)).

Build succeeded.

Time Elapsed 00:00:00.14
